2025-02-04T00:00:19.453+05:30 TRACE 13456 --- [http-nio-8080-exec-7] o.s.web.servlet.DispatcherServlet        : OPTIONS "/api/products/add", parameters={}, headers={masked} in DispatcherServlet 'dispatcherServlet'
2025-02-04T00:00:19.460+05:30 TRACE 13456 --- [http-nio-8080-exec-7] s.w.s.m.m.a.RequestMappingHandlerMapping : Mapped to com.prushaltech.techtrix.rest.ProductController#createProduct(ProductRequest)
2025-02-04T00:00:19.466+05:30 TRACE 13456 --- [http-nio-8080-exec-7] o.s.web.servlet.DispatcherServlet        : No view rendering, null ModelAndView returned.
2025-02-04T00:00:19.466+05:30 DEBUG 13456 --- [http-nio-8080-exec-7] o.s.web.servlet.DispatcherServlet        : Completed 200 OK, headers={masked}
2025-02-04T00:00:19.497+05:30 TRACE 13456 --- [http-nio-8080-exec-7] o.s.web.servlet.DispatcherServlet        : POST "/api/products/add", parameters={}, headers={masked} in DispatcherServlet 'dispatcherServlet'
2025-02-04T00:00:19.497+05:30 TRACE 13456 --- [http-nio-8080-exec-7] s.w.s.m.m.a.RequestMappingHandlerMapping : Mapped to com.prushaltech.techtrix.rest.ProductController#createProduct(ProductRequest)
2025-02-04T00:00:19.503+05:30 TRACE 13456 --- [http-nio-8080-exec-7] m.m.a.RequestResponseBodyMethodProcessor : Read "application/json;charset=UTF-8" to [com.prushaltech.techtrix.dto.ProductRequest@5cf08e56]
2025-02-04T00:00:19.503+05:30 TRACE 13456 --- [http-nio-8080-exec-7] o.s.web.method.HandlerMethod             : Arguments: [com.prushaltech.techtrix.dto.ProductRequest@5cf08e56]
2025-02-04T00:00:19.550+05:30 DEBUG 13456 --- [http-nio-8080-exec-7] o.s.w.s.m.m.a.HttpEntityMethodProcessor  : Using 'application/json', given [application/json, text/plain, */*] and supported [application/json, application/*+json]
2025-02-04T00:00:19.550+05:30 TRACE 13456 --- [http-nio-8080-exec-7] o.s.w.s.m.m.a.HttpEntityMethodProcessor  : Writing [com.prushaltech.techtrix.dto.ProductResponse@57926de9]
2025-02-04T00:00:19.553+05:30 TRACE 13456 --- [http-nio-8080-exec-7] o.s.web.servlet.DispatcherServlet        : No view rendering, null ModelAndView returned.
2025-02-04T00:00:19.555+05:30 DEBUG 13456 --- [http-nio-8080-exec-7] o.s.web.servlet.DispatcherServlet        : Completed 200 OK, headers={masked}
2025-02-04T00:00:19.575+05:30 TRACE 13456 --- [http-nio-8080-exec-7] o.s.web.servlet.DispatcherServlet        : GET "/api/products/all-non-customer-products", parameters={}, headers={masked} in DispatcherServlet 'dispatcherServlet'
2025-02-04T00:00:19.577+05:30 TRACE 13456 --- [http-nio-8080-exec-7] s.w.s.m.m.a.RequestMappingHandlerMapping : Mapped to com.prushaltech.techtrix.rest.ProductController#getAllNonCustomerProducts()
2025-02-04T00:00:19.582+05:30 TRACE 13456 --- [http-nio-8080-exec-7] o.s.web.method.HandlerMethod             : Arguments: []
2025-02-04T00:00:19.603+05:30 DEBUG 13456 --- [http-nio-8080-exec-7] o.s.w.s.m.m.a.HttpEntityMethodProcessor  : Using 'application/json', given [application/json, text/plain, */*] and supported [application/json, application/*+json]
2025-02-04T00:00:19.603+05:30 TRACE 13456 --- [http-nio-8080-exec-7] o.s.w.s.m.m.a.HttpEntityMethodProcessor  : Writing [[com.prushaltech.techtrix.dto.ProductResponse@f42b474, com.prushaltech.techtrix.dto.ProductResponse@1916af7, com.prushaltech.techtrix.dto.ProductResponse@56f7cf5b, com.prushaltech.techtrix.dto.ProductResponse@7a71fb6b, com.prushaltech.techtrix.dto.ProductResponse@600a0145, com.prushaltech.techtrix.dto.ProductResponse@6a460961, com.prushaltech.techtrix.dto.ProductResponse@2a39e65, com.prushaltech.techtrix.dto.ProductResponse@77fc97f9, com.prushaltech.techtrix.dto.ProductResponse@474ca06a, com.prushaltech.techtrix.dto.ProductResponse@1d1ba4e3, com.prushaltech.techtrix.dto.ProductResponse@3554193, com.prushaltech.techtrix.dto.ProductResponse@10055d5f, com.prushaltech.techtrix.dto.ProductResponse@3268e0c5, com.prushaltech.techtrix.dto.ProductResponse@729466d7, com.prushaltech.techtrix.dto.ProductResponse@5b64f8cf, com.prushaltech.techtrix.dto.ProductResponse@61b1b959, com.prushaltech.techtrix.dto.ProductResponse@14aa1362, com.prushaltech.techtrix.dto.ProductResponse@45596dfe, com.prushaltech.techtrix.dto.ProductResponse@3987471a, com.prushaltech.techtrix.dto.ProductResponse@55104a02, com.prushaltech.techtrix.dto.ProductResponse@116562c1, com.prushaltech.techtrix.dto.ProductResponse@1fdddb8e, com.prushaltech.techtrix.dto.ProductResponse@1c61f0f8, com.prushaltech.techtrix.dto.ProductResponse@4b76e92c, com.prushaltech.techtrix.dto.ProductResponse@71bff9e9, com.prushaltech.techtrix.dto.ProductResponse@4f4dfb, com.prushaltech.techtrix.dto.ProductResponse@13ba9b3a, com.prushaltech.techtrix.dto.ProductResponse@6f792fe8, com.prushaltech.techtrix.dto.ProductResponse@6107f35f, com.prushaltech.techtrix.dto.ProductResponse@1b5d5a11, com.prushaltech.techtrix.dto.ProductResponse@5cf9610b, com.prushaltech.techtrix.dto.ProductResponse@7ad90313, com.prushaltech.techtrix.dto.ProductResponse@249a9a1c, com.prushaltech.techtrix.dto.ProductResponse@5566d14c, com.prushaltech.techtrix.dto.ProductResponse@420003d2, com.prushaltech.techtrix.dto.ProductResponse@7073511a, com.prushaltech.techtrix.dto.ProductResponse@497f72, com.prushaltech.techtrix.dto.ProductResponse@63463286, com.prushaltech.techtrix.dto.ProductResponse@211ab3af, com.prushaltech.techtrix.dto.ProductResponse@4b8bcd17, com.prushaltech.techtrix.dto.ProductResponse@f299fb, com.prushaltech.techtrix.dto.ProductResponse@52725961, com.prushaltech.techtrix.dto.ProductResponse@26010f4b, com.prushaltech.techtrix.dto.ProductResponse@33f79de9, com.prushaltech.techtrix.dto.ProductResponse@27dee72d, com.prushaltech.techtrix.dto.ProductResponse@67270be6, com.prushaltech.techtrix.dto.ProductResponse@49722b1e, com.prushaltech.techtrix.dto.ProductResponse@46e5ef0c, com.prushaltech.techtrix.dto.ProductResponse@16d29f72, com.prushaltech.techtrix.dto.ProductResponse@49f5de75, com.prushaltech.techtrix.dto.ProductResponse@1107268e, com.prushaltech.techtrix.dto.ProductResponse@7873262d, com.prushaltech.techtrix.dto.ProductResponse@7ad80f5e, com.prushaltech.techtrix.dto.ProductResponse@1d396006, com.prushaltech.techtrix.dto.ProductResponse@35a20679, com.prushaltech.techtrix.dto.ProductResponse@54011cae, com.prushaltech.techtrix.dto.ProductResponse@6e994b8f, com.prushaltech.techtrix.dto.ProductResponse@38762f0a, com.prushaltech.techtrix.dto.ProductResponse@1d4267b3, com.prushaltech.techtrix.dto.ProductResponse@41faecd9, com.prushaltech.techtrix.dto.ProductResponse@659b125a, com.prushaltech.techtrix.dto.ProductResponse@6c9c7f9c, com.prushaltech.techtrix.dto.ProductResponse@62ede243, com.prushaltech.techtrix.dto.ProductResponse@74e746e3, com.prushaltech.techtrix.dto.ProductResponse@49d383e7, com.prushaltech.techtrix.dto.ProductResponse@46bc75de, com.prushaltech.techtrix.dto.ProductResponse@4bce78b0, com.prushaltech.techtrix.dto.ProductResponse@550ef74, com.prushaltech.techtrix.dto.ProductResponse@50498882, com.prushaltech.techtrix.dto.ProductResponse@75fe15d0, com.prushaltech.techtrix.dto.ProductResponse@4d4df827]]
2025-02-04T00:00:19.618+05:30 TRACE 13456 --- [http-nio-8080-exec-7] o.s.web.servlet.DispatcherServlet        : No view rendering, null ModelAndView returned.
2025-02-04T00:00:19.620+05:30 DEBUG 13456 --- [http-nio-8080-exec-7] o.s.web.servlet.DispatcherServlet        : Completed 200 OK, headers={masked}
2025-02-04T00:00:19.859+05:30 TRACE 13456 --- [http-nio-8080-exec-2] o.s.web.servlet.DispatcherServlet        : GET "/api/products/all-non-customer-products", parameters={}, headers={masked} in DispatcherServlet 'dispatcherServlet'
2025-02-04T00:00:19.864+05:30 TRACE 13456 --- [http-nio-8080-exec-2] s.w.s.m.m.a.RequestMappingHandlerMapping : Mapped to com.prushaltech.techtrix.rest.ProductController#getAllNonCustomerProducts()
2025-02-04T00:00:19.860+05:30 TRACE 13456 --- [http-nio-8080-exec-1] o.s.web.servlet.DispatcherServlet        : GET "/api/products/all-non-customer-products", parameters={}, headers={masked} in DispatcherServlet 'dispatcherServlet'
2025-02-04T00:00:19.865+05:30 TRACE 13456 --- [http-nio-8080-exec-2] o.s.web.method.HandlerMethod             : Arguments: []
2025-02-04T00:00:19.865+05:30 TRACE 13456 --- [http-nio-8080-exec-1] s.w.s.m.m.a.RequestMappingHandlerMapping : Mapped to com.prushaltech.techtrix.rest.ProductController#getAllNonCustomerProducts()
2025-02-04T00:00:19.867+05:30 TRACE 13456 --- [http-nio-8080-exec-1] o.s.web.method.HandlerMethod             : Arguments: []
2025-02-04T00:00:19.892+05:30 DEBUG 13456 --- [http-nio-8080-exec-2] o.s.w.s.m.m.a.HttpEntityMethodProcessor  : Using 'application/json', given [application/json, text/plain, */*] and supported [application/json, application/*+json]
2025-02-04T00:00:19.892+05:30 TRACE 13456 --- [http-nio-8080-exec-2] o.s.w.s.m.m.a.HttpEntityMethodProcessor  : Writing [[com.prushaltech.techtrix.dto.ProductResponse@4df66d79, com.prushaltech.techtrix.dto.ProductResponse@2a0f861c, com.prushaltech.techtrix.dto.ProductResponse@7fe0e7c5, com.prushaltech.techtrix.dto.ProductResponse@4516ef7e, com.prushaltech.techtrix.dto.ProductResponse@3bf5df00, com.prushaltech.techtrix.dto.ProductResponse@6d1c8104, com.prushaltech.techtrix.dto.ProductResponse@15ba8dad, com.prushaltech.techtrix.dto.ProductResponse@6725ed7b, com.prushaltech.techtrix.dto.ProductResponse@72bd3340, com.prushaltech.techtrix.dto.ProductResponse@7ba098b2, com.prushaltech.techtrix.dto.ProductResponse@3a36b58e, com.prushaltech.techtrix.dto.ProductResponse@7230d986, com.prushaltech.techtrix.dto.ProductResponse@690cd3b3, com.prushaltech.techtrix.dto.ProductResponse@1696a328, com.prushaltech.techtrix.dto.ProductResponse@1903feb1, com.prushaltech.techtrix.dto.ProductResponse@6d8be8fe, com.prushaltech.techtrix.dto.ProductResponse@62953fb7, com.prushaltech.techtrix.dto.ProductResponse@41b94f2e, com.prushaltech.techtrix.dto.ProductResponse@4749c7de, com.prushaltech.techtrix.dto.ProductResponse@75b71bd1, com.prushaltech.techtrix.dto.ProductResponse@3e94fa57, com.prushaltech.techtrix.dto.ProductResponse@35df0294, com.prushaltech.techtrix.dto.ProductResponse@3ca154c6, com.prushaltech.techtrix.dto.ProductResponse@7105b910, com.prushaltech.techtrix.dto.ProductResponse@68dab325, com.prushaltech.techtrix.dto.ProductResponse@255cc708, com.prushaltech.techtrix.dto.ProductResponse@13edb001, com.prushaltech.techtrix.dto.ProductResponse@4f7c4655, com.prushaltech.techtrix.dto.ProductResponse@72029704, com.prushaltech.techtrix.dto.ProductResponse@31257acb, com.prushaltech.techtrix.dto.ProductResponse@4f36a956, com.prushaltech.techtrix.dto.ProductResponse@62d5000b, com.prushaltech.techtrix.dto.ProductResponse@40911e2, com.prushaltech.techtrix.dto.ProductResponse@1ee0d08a, com.prushaltech.techtrix.dto.ProductResponse@6466a619, com.prushaltech.techtrix.dto.ProductResponse@2ef927c6, com.prushaltech.techtrix.dto.ProductResponse@62b3a5fa, com.prushaltech.techtrix.dto.ProductResponse@7a4f5da6, com.prushaltech.techtrix.dto.ProductResponse@2b486a98, com.prushaltech.techtrix.dto.ProductResponse@4c68bf20, com.prushaltech.techtrix.dto.ProductResponse@338b4f22, com.prushaltech.techtrix.dto.ProductResponse@33299698, com.prushaltech.techtrix.dto.ProductResponse@5b5d36cf, com.prushaltech.techtrix.dto.ProductResponse@5245033b, com.prushaltech.techtrix.dto.ProductResponse@3b5ea40e, com.prushaltech.techtrix.dto.ProductResponse@443c78ab, com.prushaltech.techtrix.dto.ProductResponse@76e5d5ad, com.prushaltech.techtrix.dto.ProductResponse@cc35c91, com.prushaltech.techtrix.dto.ProductResponse@42f3f7d3, com.prushaltech.techtrix.dto.ProductResponse@65ad2606, com.prushaltech.techtrix.dto.ProductResponse@3dbdcfa3, com.prushaltech.techtrix.dto.ProductResponse@2b8c2b51, com.prushaltech.techtrix.dto.ProductResponse@761c1c9c, com.prushaltech.techtrix.dto.ProductResponse@7a0d994f, com.prushaltech.techtrix.dto.ProductResponse@299e917a, com.prushaltech.techtrix.dto.ProductResponse@6382f1bb, com.prushaltech.techtrix.dto.ProductResponse@75ecf9ab, com.prushaltech.techtrix.dto.ProductResponse@63bdc1b8, com.prushaltech.techtrix.dto.ProductResponse@3ef599f4, com.prushaltech.techtrix.dto.ProductResponse@4a8eb8b8, com.prushaltech.techtrix.dto.ProductResponse@583d31e3, com.prushaltech.techtrix.dto.ProductResponse@55009b5d, com.prushaltech.techtrix.dto.ProductResponse@47a89230, com.prushaltech.techtrix.dto.ProductResponse@78dcb905, com.prushaltech.techtrix.dto.ProductResponse@495f3dd4, com.prushaltech.techtrix.dto.ProductResponse@18d48dd1, com.prushaltech.techtrix.dto.ProductResponse@1b6eb5e9, com.prushaltech.techtrix.dto.ProductResponse@6673310, com.prushaltech.techtrix.dto.ProductResponse@36e61f95, com.prushaltech.techtrix.dto.ProductResponse@a60a69d, com.prushaltech.techtrix.dto.ProductResponse@64cf9bc5]]
2025-02-04T00:00:19.929+05:30 TRACE 13456 --- [http-nio-8080-exec-2] o.s.web.servlet.DispatcherServlet        : No view rendering, null ModelAndView returned.
2025-02-04T00:00:19.930+05:30 DEBUG 13456 --- [http-nio-8080-exec-2] o.s.web.servlet.DispatcherServlet        : Completed 200 OK, headers={masked}
2025-02-04T00:00:19.938+05:30 DEBUG 13456 --- [http-nio-8080-exec-1] o.s.w.s.m.m.a.HttpEntityMethodProcessor  : Using 'application/json', given [application/json, text/plain, */*] and supported [application/json, application/*+json]
2025-02-04T00:00:19.938+05:30 TRACE 13456 --- [http-nio-8080-exec-1] o.s.w.s.m.m.a.HttpEntityMethodProcessor  : Writing [[com.prushaltech.techtrix.dto.ProductResponse@70595cf4, com.prushaltech.techtrix.dto.ProductResponse@ce8d07c, com.prushaltech.techtrix.dto.ProductResponse@39bdd3ee, com.prushaltech.techtrix.dto.ProductResponse@3a78a9b0, com.prushaltech.techtrix.dto.ProductResponse@7cecf7, com.prushaltech.techtrix.dto.ProductResponse@4a5da7b4, com.prushaltech.techtrix.dto.ProductResponse@1da83fb2, com.prushaltech.techtrix.dto.ProductResponse@6262209e, com.prushaltech.techtrix.dto.ProductResponse@51e7371, com.prushaltech.techtrix.dto.ProductResponse@22590461, com.prushaltech.techtrix.dto.ProductResponse@7e50ea37, com.prushaltech.techtrix.dto.ProductResponse@dc543b3, com.prushaltech.techtrix.dto.ProductResponse@7b363c81, com.prushaltech.techtrix.dto.ProductResponse@1126458a, com.prushaltech.techtrix.dto.ProductResponse@685e14cb, com.prushaltech.techtrix.dto.ProductResponse@4fa11aa8, com.prushaltech.techtrix.dto.ProductResponse@5b9f5e9, com.prushaltech.techtrix.dto.ProductResponse@2690fac1, com.prushaltech.techtrix.dto.ProductResponse@3ef05a94, com.prushaltech.techtrix.dto.ProductResponse@79c373b8, com.prushaltech.techtrix.dto.ProductResponse@339fd7d4, com.prushaltech.techtrix.dto.ProductResponse@12f86594, com.prushaltech.techtrix.dto.ProductResponse@2e60b9a5, com.prushaltech.techtrix.dto.ProductResponse@4c5c4162, com.prushaltech.techtrix.dto.ProductResponse@1b00e4a, com.prushaltech.techtrix.dto.ProductResponse@50b51f2d, com.prushaltech.techtrix.dto.ProductResponse@7bb3390f, com.prushaltech.techtrix.dto.ProductResponse@55ca304a, com.prushaltech.techtrix.dto.ProductResponse@5489a6e7, com.prushaltech.techtrix.dto.ProductResponse@2cbd872c, com.prushaltech.techtrix.dto.ProductResponse@4e24a8f5, com.prushaltech.techtrix.dto.ProductResponse@4a68891b, com.prushaltech.techtrix.dto.ProductResponse@534fa02f, com.prushaltech.techtrix.dto.ProductResponse@138bd98d, com.prushaltech.techtrix.dto.ProductResponse@7883a809, com.prushaltech.techtrix.dto.ProductResponse@76adc653, com.prushaltech.techtrix.dto.ProductResponse@584d4e71, com.prushaltech.techtrix.dto.ProductResponse@15c7b344, com.prushaltech.techtrix.dto.ProductResponse@70e18215, com.prushaltech.techtrix.dto.ProductResponse@68e64d04, com.prushaltech.techtrix.dto.ProductResponse@5aeaa8af, com.prushaltech.techtrix.dto.ProductResponse@721f7d25, com.prushaltech.techtrix.dto.ProductResponse@e92a859, com.prushaltech.techtrix.dto.ProductResponse@54c64ae2, com.prushaltech.techtrix.dto.ProductResponse@5be62f05, com.prushaltech.techtrix.dto.ProductResponse@52998709, com.prushaltech.techtrix.dto.ProductResponse@49d22d63, com.prushaltech.techtrix.dto.ProductResponse@2fa5efe1, com.prushaltech.techtrix.dto.ProductResponse@45516317, com.prushaltech.techtrix.dto.ProductResponse@5bee157b, com.prushaltech.techtrix.dto.ProductResponse@38f8250, com.prushaltech.techtrix.dto.ProductResponse@3d5bf27, com.prushaltech.techtrix.dto.ProductResponse@4dd23d91, com.prushaltech.techtrix.dto.ProductResponse@663cac9d, com.prushaltech.techtrix.dto.ProductResponse@19de3f08, com.prushaltech.techtrix.dto.ProductResponse@37dc9793, com.prushaltech.techtrix.dto.ProductResponse@6bbe1a4c, com.prushaltech.techtrix.dto.ProductResponse@68650be2, com.prushaltech.techtrix.dto.ProductResponse@ab4f99, com.prushaltech.techtrix.dto.ProductResponse@53182010, com.prushaltech.techtrix.dto.ProductResponse@48ef2c45, com.prushaltech.techtrix.dto.ProductResponse@81504a1, com.prushaltech.techtrix.dto.ProductResponse@529845bd, com.prushaltech.techtrix.dto.ProductResponse@4092e75e, com.prushaltech.techtrix.dto.ProductResponse@712e760d, com.prushaltech.techtrix.dto.ProductResponse@513e5485, com.prushaltech.techtrix.dto.ProductResponse@419b56b2, com.prushaltech.techtrix.dto.ProductResponse@1664f1c8, com.prushaltech.techtrix.dto.ProductResponse@14786317, com.prushaltech.techtrix.dto.ProductResponse@37c18761, com.prushaltech.techtrix.dto.ProductResponse@2cf469ed]]
2025-02-04T00:00:19.955+05:30 TRACE 13456 --- [http-nio-8080-exec-1] o.s.web.servlet.DispatcherServlet        : No view rendering, null ModelAndView returned.
2025-02-04T00:00:19.958+05:30 DEBUG 13456 --- [http-nio-8080-exec-1] o.s.web.servlet.DispatcherServlet        : Completed 200 OK, headers={masked}
2025-02-04T00:01:38.306+05:30 TRACE 13456 --- [http-nio-8080-exec-5] o.s.web.servlet.DispatcherServlet        : GET "/api/customers/all", parameters={}, headers={masked} in DispatcherServlet 'dispatcherServlet'
2025-02-04T00:01:38.310+05:30 TRACE 13456 --- [http-nio-8080-exec-5] s.w.s.m.m.a.RequestMappingHandlerMapping : Mapped to com.prushaltech.techtrix.rest.CustomerController#getAllCustomers()
2025-02-04T00:01:38.317+05:30 TRACE 13456 --- [http-nio-8080-exec-5] o.s.web.method.HandlerMethod             : Arguments: []
2025-02-04T00:01:38.396+05:30 DEBUG 13456 --- [http-nio-8080-exec-5] o.s.w.s.m.m.a.HttpEntityMethodProcessor  : Using 'application/json', given [application/json, text/plain, */*] and supported [application/json, application/*+json]
2025-02-04T00:01:38.397+05:30 TRACE 13456 --- [http-nio-8080-exec-5] o.s.w.s.m.m.a.HttpEntityMethodProcessor  : Writing [[com.prushaltech.techtrix.dto.CustomerResponse@600fe2fe, com.prushaltech.techtrix.dto.CustomerResponse@5f61c62d, com.prushaltech.techtrix.dto.CustomerResponse@75afedcc, com.prushaltech.techtrix.dto.CustomerResponse@52a8a49b, com.prushaltech.techtrix.dto.CustomerResponse@4d2fa422, com.prushaltech.techtrix.dto.CustomerResponse@1cae4304, com.prushaltech.techtrix.dto.CustomerResponse@16650cd0, com.prushaltech.techtrix.dto.CustomerResponse@1fefefb, com.prushaltech.techtrix.dto.CustomerResponse@31404452, com.prushaltech.techtrix.dto.CustomerResponse@5f98871d]]
2025-02-04T00:01:38.409+05:30 TRACE 13456 --- [http-nio-8080-exec-5] o.s.web.servlet.DispatcherServlet        : No view rendering, null ModelAndView returned.
2025-02-04T00:01:38.411+05:30 DEBUG 13456 --- [http-nio-8080-exec-5] o.s.web.servlet.DispatcherServlet        : Completed 200 OK, headers={masked}
2025-02-04T00:05:05.540+05:30  INFO 13456 --- [File Watcher] rtingClassPathChangeChangedEventListener : Restarting due to 1 class path change (0 additions, 0 deletions, 1 modification)
2025-02-04T00:05:05.557+05:30  INFO 13456 --- [Thread-24] o.apache.catalina.core.StandardService   : Stopping service [Tomcat]
2025-02-04T00:05:05.557+05:30  INFO 13456 --- [Thread-24] o.a.c.c.C.[Tomcat-3].[localhost].[/]     : Destroying Spring FrameworkServlet 'dispatcherServlet'
2025-02-04T00:05:05.562+05:30  INFO 13456 --- [Thread-24] j.LocalContainerEntityManagerFactoryBean : Closing JPA EntityManagerFactory for persistence unit 'default'
2025-02-04T00:05:05.562+05:30  INFO 13456 --- [Thread-24] com.zaxxer.hikari.HikariDataSource       : HikariPool-7 - Shutdown initiated...
2025-02-04T00:05:05.574+05:30  INFO 13456 --- [Thread-24] com.zaxxer.hikari.HikariDataSource       : HikariPool-7 - Shutdown completed.
2025-02-04T00:05:05.939+05:30  INFO 13456 --- [restartedMain] c.p.techtrix.TechtrixApplication         : Starting TechtrixApplication using Java 17.0.7 with PID 13456 (C:\Prushal\TechTrix\Application\backend-system\techtrix\target\classes started by bhosa in C:\Prushal\TechTrix\Application\backend-system\techtrix)
2025-02-04T00:05:05.944+05:30  INFO 13456 --- [restartedMain] c.p.techtrix.TechtrixApplication         : No active profile set, falling back to 1 default profile: "default"
2025-02-04T00:05:06.456+05:30  INFO 13456 --- [restartedMain] .s.d.r.c.RepositoryConfigurationDelegate : Bootstrapping Spring Data JPA repositories in DEFAULT mode.
2025-02-04T00:05:06.517+05:30  INFO 13456 --- [restartedMain] .s.d.r.c.RepositoryConfigurationDelegate : Finished Spring Data repository scanning in 56 ms. Found 12 JPA repository interfaces.
2025-02-04T00:05:06.704+05:30  INFO 13456 --- [restartedMain] o.s.b.w.embedded.tomcat.TomcatWebServer  : Tomcat initialized with port(s): 8080 (http)
2025-02-04T00:05:06.711+05:30  INFO 13456 --- [restartedMain] o.apache.catalina.core.StandardService   : Starting service [Tomcat]
2025-02-04T00:05:06.711+05:30  INFO 13456 --- [restartedMain] o.apache.catalina.core.StandardEngine    : Starting Servlet engine: [Apache Tomcat/10.1.12]
2025-02-04T00:05:06.746+05:30  INFO 13456 --- [restartedMain] o.a.c.c.C.[Tomcat-3].[localhost].[/]     : Initializing Spring embedded WebApplicationContext
2025-02-04T00:05:06.746+05:30  INFO 13456 --- [restartedMain] w.s.c.ServletWebServerApplicationContext : Root WebApplicationContext: initialization completed in 797 ms
2025-02-04T00:05:06.783+05:30 DEBUG 13456 --- [restartedMain] o.s.w.f.ServerHttpObservationFilter      : Filter 'webMvcObservationFilter' configured for use
2025-02-04T00:05:06.841+05:30  INFO 13456 --- [restartedMain] o.hibernate.jpa.internal.util.LogHelper  : HHH000204: Processing PersistenceUnitInfo [name: default]
2025-02-04T00:05:06.850+05:30  WARN 13456 --- [restartedMain] org.hibernate.orm.deprecation            : HHH90000021: Encountered deprecated setting [javax.persistence.sharedCache.mode], use [jakarta.persistence.sharedCache.mode] instead
2025-02-04T00:05:06.860+05:30  INFO 13456 --- [restartedMain] com.zaxxer.hikari.HikariDataSource       : HikariPool-8 - Starting...
2025-02-04T00:05:06.885+05:30  INFO 13456 --- [restartedMain] com.zaxxer.hikari.pool.HikariPool        : HikariPool-8 - Added connection com.mysql.cj.jdbc.ConnectionImpl@3f8f8f43
2025-02-04T00:05:06.886+05:30  INFO 13456 --- [restartedMain] com.zaxxer.hikari.HikariDataSource       : HikariPool-8 - Start completed.
2025-02-04T00:05:06.888+05:30  INFO 13456 --- [restartedMain] SQL dialect                              : HHH000400: Using dialect: org.hibernate.dialect.MySQLDialect
2025-02-04T00:05:07.182+05:30  INFO 13456 --- [restartedMain] o.h.e.t.j.p.i.JtaPlatformInitiator       : HHH000490: Using JtaPlatform implementation: [org.hibernate.engine.transaction.jta.platform.internal.NoJtaPlatform]
2025-02-04T00:05:07.183+05:30  INFO 13456 --- [restartedMain] j.LocalContainerEntityManagerFactoryBean : Initialized JPA EntityManagerFactory for persistence unit 'default'
2025-02-04T00:05:07.653+05:30  WARN 13456 --- [restartedMain] JpaBaseConfiguration$JpaWebConfiguration : spring.jpa.open-in-view is enabled by default. Therefore, database queries may be performed during view rendering. Explicitly configure spring.jpa.open-in-view to disable this warning
2025-02-04T00:05:07.674+05:30  INFO 13456 --- [restartedMain] o.s.s.web.DefaultSecurityFilterChain     : Will secure any request with [org.springframework.security.web.session.DisableEncodeUrlFilter@4c0363a6, org.springframework.security.web.context.request.async.WebAsyncManagerIntegrationFilter@509e5c5b, org.springframework.security.web.context.SecurityContextHolderFilter@7e21b586, org.springframework.security.web.header.HeaderWriterFilter@65babcd7, org.springframework.security.web.authentication.logout.LogoutFilter@63bfe7ca, org.springframework.security.web.savedrequest.RequestCacheAwareFilter@e6e7ee2, org.springframework.security.web.servletapi.SecurityContextHolderAwareRequestFilter@202da107, org.springframework.security.web.authentication.AnonymousAuthenticationFilter@16e2e8fd, org.springframework.security.web.access.ExceptionTranslationFilter@1b5eb1b, org.springframework.security.web.access.intercept.AuthorizationFilter@53b3a364]
2025-02-04T00:05:07.746+05:30 DEBUG 13456 --- [restartedMain] s.w.s.m.m.a.RequestMappingHandlerAdapter : ControllerAdvice beans: 0 @ModelAttribute, 0 @InitBinder, 1 RequestBodyAdvice, 1 ResponseBodyAdvice
2025-02-04T00:05:07.753+05:30  INFO 13456 --- [restartedMain] o.s.b.a.w.s.WelcomePageHandlerMapping    : Adding welcome page: class path resource [static/index.html]
2025-02-04T00:05:07.759+05:30 TRACE 13456 --- [restartedMain] s.w.s.m.m.a.RequestMappingHandlerMapping : 
	c.p.t.r.AuthController:
	{POST [/api/auth/login]}: loginUser(LoginUserRequest)
2025-02-04T00:05:07.760+05:30 TRACE 13456 --- [restartedMain] s.w.s.m.m.a.RequestMappingHandlerMapping : 
	c.p.t.r.CustomerController:
	{GET [/api/customers/pagination]}: getAllCustomersPageable(Pageable)
	{GET [/api/customers/search]}: getCustomersByFirstName(String)
	{DELETE [/api/customers/delete/{customerId}]}: deleteCustomer(Long)
	{GET [/api/customers/get/{customerId}]}: getCustomerById(Long)
	{GET [/api/customers/all]}: getAllCustomers()
	{POST [/api/customers/add]}: createCustomer(CustomerRequest)
	{PUT [/api/customers/update/{customerId}]}: updateCustomer(Long,CustomerRequest)
2025-02-04T00:05:07.761+05:30 TRACE 13456 --- [restartedMain] s.w.s.m.m.a.RequestMappingHandlerMapping : 
	c.p.t.r.InvoiceController:
	{GET [/api/invoices/{id}]}: getInvoiceById(Long)
	{POST [/api/invoices]}: createInvoice(InvoiceRequest)
	{DELETE [/api/invoices/{id}]}: deleteInvoice(Long)
	{GET [/api/invoices]}: getAllInvoices()
2025-02-04T00:05:07.762+05:30 TRACE 13456 --- [restartedMain] s.w.s.m.m.a.RequestMappingHandlerMapping : 
	c.p.t.r.InvoiceProductController:
	{POST [/api/invoice-products]}: createInvoiceProduct(InvoiceProductRequest)
2025-02-04T00:05:07.762+05:30 TRACE 13456 --- [restartedMain] s.w.s.m.m.a.RequestMappingHandlerMapping : 
	c.p.t.r.NotificationController:
	{GET [/api/notifications/user/{userId}]}: getUserNotifications(Long)
	{POST [/api/notifications]}: createNotification(NotificationRequest)
	{PUT [/api/notifications/{id}/read]}: markAsRead(Long)
2025-02-04T00:05:07.766+05:30 TRACE 13456 --- [restartedMain] s.w.s.m.m.a.RequestMappingHandlerMapping : 
	c.p.t.r.ProductController:
	{GET [/api/products/all-non-customer-products]}: getAllNonCustomerProducts()
	{GET [/api/products/all-services]}: getAllServiceProducts()
	{GET [/api/products/all-hardwares]}: getAllHardwareProducts()
	{GET [/api/products/get/customer/{customerId}]}: getProductByCustomerId(Long)
	{PUT [/api/products/update/{id}]}: updateProduct(Long,ProductRequest)
	{POST [/api/products/add]}: createProduct(ProductRequest)
	{GET [/api/products/all]}: getAllProducts()
	{GET [/api/products/get/{id}]}: getProductById(Long)
	{DELETE [/api/products/delete/{id}]}: deleteProduct(Long)
2025-02-04T00:05:07.769+05:30 TRACE 13456 --- [restartedMain] s.w.s.m.m.a.RequestMappingHandlerMapping : 
	c.p.t.r.QuotationController:
	{GET [/api/quotations/get/user/{id}]}: getQuotationByUserId(Long)
	{GET [/api/quotations/get/ticket/{id}]}: getQuotationByTicketId(Long)
	{GET [/api/quotations/get/{id}]}: getQuotationById(Long)
	{GET [/api/quotations/all]}: getAllQuotations()
	{DELETE [/api/quotations/delete/{id}]}: deleteQuotation(Long)
	{POST [/api/quotations/add]}: createQuotation(QuotationRequest)
	{PUT [/api/quotations/update/{quotationId}]}: updateQuotation(Long,QuotationRequest)
2025-02-04T00:05:07.776+05:30 TRACE 13456 --- [restartedMain] s.w.s.m.m.a.RequestMappingHandlerMapping : 
	c.p.t.r.QuotationProductController:
	{POST [/api/quotation-products/add]}: createQuotationProduct(QuotationProductRequest)
	{DELETE [/api/quotation-products/delete/{qpId}]}: deleteQuotationProduct(Long)
	{PUT [/api/quotation-products/update/quotation/{qId}/product/{pId}]}: updateQuotationProduct(Long,Long,ProductRequest)
2025-02-04T00:05:07.779+05:30 TRACE 13456 --- [restartedMain] s.w.s.m.m.a.RequestMappingHandlerMapping : 
	c.p.t.r.TicketController:
	{GET [/api/tickets/get/products/{ticketId}]}: getProductsAssociatedByTicketId(Long)
	{GET [/api/tickets/all/assigned-to-or-created-by-user/{userId}]}: getAllTicketsAssignedToOrCreatedByUserId(Long)
	{POST [/api/tickets/add]}: createTicket(TicketRequest)
	{PUT [/api/tickets/update/{ticketId}]}: updateTicket(Long,TicketRequest)
	{GET [/api/tickets/all]}: getAllTickets()
	{GET [/api/tickets/all-issue-tickets]}: getAllIssueTickets()
	{GET [/api/tickets/get/{ticketId}]}: getTicketById(Long)
	{DELETE [/api/tickets/delete/{ticketId}]}: deleteTicket(Long)
2025-02-04T00:05:07.780+05:30 TRACE 13456 --- [restartedMain] s.w.s.m.m.a.RequestMappingHandlerMapping : 
	c.p.t.r.TicketThreadController:
	{GET [/api/tickets/{ticketId}/threads]}: getTicketThreads(Long)
	{POST [/api/tickets/{ticketId}/threads]}: createTicketThread(Long,TicketThreadRequest)
2025-02-04T00:05:07.783+05:30 TRACE 13456 --- [restartedMain] s.w.s.m.m.a.RequestMappingHandlerMapping : 
	c.p.t.r.UserController:
	{GET [/api/users/pagination]}: getAllUsersPageable(Pageable)
	{POST [/api/users/add]}: createUser(UserRequest)
	{GET [/api/users/all]}: getAllUsers()
	{PUT [/api/users/update/{userId}]}: updateUser(Long,UserRequest)
	{GET [/api/users/get/{userId}]}: getUserById(Long)
	{DELETE [/api/users/delete/{userId}]}: deleteUser(Long)
	{GET [/api/users/get/role/{role}]}: getUserByRole(Role)
2025-02-04T00:05:07.783+05:30 TRACE 13456 --- [restartedMain] s.w.s.m.m.a.RequestMappingHandlerMapping : 
	c.p.t.r.WebController:
	{GET [/{path:[^\.]*}]}: redirect()
2025-02-04T00:05:07.785+05:30 TRACE 13456 --- [restartedMain] s.w.s.m.m.a.RequestMappingHandlerMapping : 
	o.s.b.a.w.s.e.BasicErrorController:
	{ [/error]}: error(HttpServletRequest)
	{ [/error], produces [text/html]}: errorHtml(HttpServletRequest,HttpServletResponse)
2025-02-04T00:05:07.786+05:30 DEBUG 13456 --- [restartedMain] s.w.s.m.m.a.RequestMappingHandlerMapping : 55 mappings in 'requestMappingHandlerMapping'
2025-02-04T00:05:07.790+05:30 DEBUG 13456 --- [restartedMain] o.s.w.s.h.BeanNameUrlHandlerMapping      : Detected 0 mappings in 'beanNameHandlerMapping'
2025-02-04T00:05:07.793+05:30 TRACE 13456 --- [restartedMain] o.s.w.s.f.support.RouterFunctionMapping  : 0 RouterFunction(s) in 'routerFunctionMapping'
2025-02-04T00:05:07.795+05:30 TRACE 13456 --- [restartedMain] o.s.w.s.handler.SimpleUrlHandlerMapping  : Mapped [/webjars/**] onto ResourceHttpRequestHandler [classpath [META-INF/resources/webjars/]]
2025-02-04T00:05:07.798+05:30 TRACE 13456 --- [restartedMain] o.s.w.s.handler.SimpleUrlHandlerMapping  : Mapped [/**] onto ResourceHttpRequestHandler [classpath [META-INF/resources/], classpath [resources/], classpath [static/], classpath [public/], ServletContext [/]]
2025-02-04T00:05:07.799+05:30 DEBUG 13456 --- [restartedMain] o.s.w.s.handler.SimpleUrlHandlerMapping  : Patterns [/webjars/**, /**] in 'resourceHandlerMapping'
2025-02-04T00:05:07.807+05:30 DEBUG 13456 --- [restartedMain] .m.m.a.ExceptionHandlerExceptionResolver : ControllerAdvice beans: 1 @ExceptionHandler, 1 ResponseBodyAdvice
2025-02-04T00:05:07.919+05:30  INFO 13456 --- [restartedMain] o.s.b.d.a.OptionalLiveReloadServer       : LiveReload server is running on port 35729
2025-02-04T00:05:07.925+05:30  INFO 13456 --- [restartedMain] o.s.b.a.e.web.EndpointLinksResolver      : Exposing 1 endpoint(s) beneath base path '/actuator'
2025-02-04T00:05:07.952+05:30  INFO 13456 --- [restartedMain] o.s.b.w.embedded.tomcat.TomcatWebServer  : Tomcat started on port(s): 8080 (http) with context path ''
2025-02-04T00:05:07.958+05:30  INFO 13456 --- [restartedMain] c.p.techtrix.TechtrixApplication         : Started TechtrixApplication in 2.102 seconds (process running for 5110.267)
2025-02-04T00:05:07.961+05:30  INFO 13456 --- [restartedMain] .ConditionEvaluationDeltaLoggingListener : Condition evaluation unchanged
2025-02-04T00:06:51.037+05:30  INFO 13456 --- [File Watcher] rtingClassPathChangeChangedEventListener : Restarting due to 1 class path change (0 additions, 0 deletions, 1 modification)
2025-02-04T00:06:51.100+05:30  INFO 13456 --- [Thread-28] o.apache.catalina.core.StandardService   : Stopping service [Tomcat]
2025-02-04T00:06:51.117+05:30  INFO 13456 --- [Thread-28] j.LocalContainerEntityManagerFactoryBean : Closing JPA EntityManagerFactory for persistence unit 'default'
2025-02-04T00:06:51.118+05:30  INFO 13456 --- [Thread-28] com.zaxxer.hikari.HikariDataSource       : HikariPool-8 - Shutdown initiated...
2025-02-04T00:06:51.136+05:30  INFO 13456 --- [Thread-28] com.zaxxer.hikari.HikariDataSource       : HikariPool-8 - Shutdown completed.
2025-02-04T00:06:51.332+05:30  INFO 13456 --- [restartedMain] c.p.techtrix.TechtrixApplication         : Starting TechtrixApplication using Java 17.0.7 with PID 13456 (C:\Prushal\TechTrix\Application\backend-system\techtrix\target\classes started by bhosa in C:\Prushal\TechTrix\Application\backend-system\techtrix)
2025-02-04T00:06:51.333+05:30  INFO 13456 --- [restartedMain] c.p.techtrix.TechtrixApplication         : No active profile set, falling back to 1 default profile: "default"
2025-02-04T00:06:51.744+05:30  INFO 13456 --- [restartedMain] .s.d.r.c.RepositoryConfigurationDelegate : Bootstrapping Spring Data JPA repositories in DEFAULT mode.
2025-02-04T00:06:51.801+05:30  INFO 13456 --- [restartedMain] .s.d.r.c.RepositoryConfigurationDelegate : Finished Spring Data repository scanning in 56 ms. Found 12 JPA repository interfaces.
2025-02-04T00:06:52.060+05:30  INFO 13456 --- [restartedMain] o.s.b.w.embedded.tomcat.TomcatWebServer  : Tomcat initialized with port(s): 8080 (http)
2025-02-04T00:06:52.061+05:30  INFO 13456 --- [restartedMain] o.apache.catalina.core.StandardService   : Starting service [Tomcat]
2025-02-04T00:06:52.061+05:30  INFO 13456 --- [restartedMain] o.apache.catalina.core.StandardEngine    : Starting Servlet engine: [Apache Tomcat/10.1.12]
2025-02-04T00:06:52.137+05:30  INFO 13456 --- [restartedMain] o.a.c.c.C.[Tomcat-3].[localhost].[/]     : Initializing Spring embedded WebApplicationContext
2025-02-04T00:06:52.138+05:30  INFO 13456 --- [restartedMain] w.s.c.ServletWebServerApplicationContext : Root WebApplicationContext: initialization completed in 802 ms
2025-02-04T00:06:52.203+05:30 DEBUG 13456 --- [restartedMain] o.s.w.f.ServerHttpObservationFilter      : Filter 'webMvcObservationFilter' configured for use
2025-02-04T00:06:52.241+05:30  INFO 13456 --- [restartedMain] o.hibernate.jpa.internal.util.LogHelper  : HHH000204: Processing PersistenceUnitInfo [name: default]
2025-02-04T00:06:52.245+05:30  WARN 13456 --- [restartedMain] org.hibernate.orm.deprecation            : HHH90000021: Encountered deprecated setting [javax.persistence.sharedCache.mode], use [jakarta.persistence.sharedCache.mode] instead
2025-02-04T00:06:52.254+05:30  INFO 13456 --- [restartedMain] com.zaxxer.hikari.HikariDataSource       : HikariPool-9 - Starting...
2025-02-04T00:06:52.273+05:30  INFO 13456 --- [restartedMain] com.zaxxer.hikari.pool.HikariPool        : HikariPool-9 - Added connection com.mysql.cj.jdbc.ConnectionImpl@6ad4d86d
2025-02-04T00:06:52.274+05:30  INFO 13456 --- [restartedMain] com.zaxxer.hikari.HikariDataSource       : HikariPool-9 - Start completed.
2025-02-04T00:06:52.275+05:30  INFO 13456 --- [restartedMain] SQL dialect                              : HHH000400: Using dialect: org.hibernate.dialect.MySQLDialect
2025-02-04T00:06:52.721+05:30  INFO 13456 --- [restartedMain] o.h.e.t.j.p.i.JtaPlatformInitiator       : HHH000490: Using JtaPlatform implementation: [org.hibernate.engine.transaction.jta.platform.internal.NoJtaPlatform]
2025-02-04T00:06:52.722+05:30  INFO 13456 --- [restartedMain] j.LocalContainerEntityManagerFactoryBean : Initialized JPA EntityManagerFactory for persistence unit 'default'
2025-02-04T00:06:53.304+05:30  WARN 13456 --- [restartedMain] JpaBaseConfiguration$JpaWebConfiguration : spring.jpa.open-in-view is enabled by default. Therefore, database queries may be performed during view rendering. Explicitly configure spring.jpa.open-in-view to disable this warning
2025-02-04T00:06:53.318+05:30  INFO 13456 --- [restartedMain] o.s.s.web.DefaultSecurityFilterChain     : Will secure any request with [org.springframework.security.web.session.DisableEncodeUrlFilter@33186602, org.springframework.security.web.context.request.async.WebAsyncManagerIntegrationFilter@7931546b, org.springframework.security.web.context.SecurityContextHolderFilter@2b5e8bc9, org.springframework.security.web.header.HeaderWriterFilter@4c6fc4a9, org.springframework.security.web.authentication.logout.LogoutFilter@279dafcd, org.springframework.security.web.savedrequest.RequestCacheAwareFilter@6ed1d879, org.springframework.security.web.servletapi.SecurityContextHolderAwareRequestFilter@4a3abcbd, org.springframework.security.web.authentication.AnonymousAuthenticationFilter@43ae6f0b, org.springframework.security.web.access.ExceptionTranslationFilter@537ee638, org.springframework.security.web.access.intercept.AuthorizationFilter@58af3a53]
2025-02-04T00:06:53.355+05:30 DEBUG 13456 --- [restartedMain] s.w.s.m.m.a.RequestMappingHandlerAdapter : ControllerAdvice beans: 0 @ModelAttribute, 0 @InitBinder, 1 RequestBodyAdvice, 1 ResponseBodyAdvice
2025-02-04T00:06:53.360+05:30  INFO 13456 --- [restartedMain] o.s.b.a.w.s.WelcomePageHandlerMapping    : Adding welcome page: class path resource [static/index.html]
2025-02-04T00:06:53.379+05:30 TRACE 13456 --- [restartedMain] s.w.s.m.m.a.RequestMappingHandlerMapping : 
	c.p.t.r.AuthController:
	{POST [/api/auth/login]}: loginUser(LoginUserRequest)
2025-02-04T00:06:53.381+05:30 TRACE 13456 --- [restartedMain] s.w.s.m.m.a.RequestMappingHandlerMapping : 
	c.p.t.r.CustomerController:
	{GET [/api/customers/pagination]}: getAllCustomersPageable(Pageable)
	{GET [/api/customers/search]}: getCustomersByFirstName(String)
	{DELETE [/api/customers/delete/{customerId}]}: deleteCustomer(Long)
	{GET [/api/customers/get/{customerId}]}: getCustomerById(Long)
	{GET [/api/customers/all]}: getAllCustomers()
	{POST [/api/customers/add]}: createCustomer(CustomerRequest)
	{PUT [/api/customers/update/{customerId}]}: updateCustomer(Long,CustomerRequest)
2025-02-04T00:06:53.382+05:30 TRACE 13456 --- [restartedMain] s.w.s.m.m.a.RequestMappingHandlerMapping : 
	c.p.t.r.InvoiceController:
	{GET [/api/invoices/{id}]}: getInvoiceById(Long)
	{POST [/api/invoices]}: createInvoice(InvoiceRequest)
	{DELETE [/api/invoices/{id}]}: deleteInvoice(Long)
	{GET [/api/invoices]}: getAllInvoices()
2025-02-04T00:06:53.382+05:30 TRACE 13456 --- [restartedMain] s.w.s.m.m.a.RequestMappingHandlerMapping : 
	c.p.t.r.InvoiceProductController:
	{POST [/api/invoice-products]}: createInvoiceProduct(InvoiceProductRequest)
2025-02-04T00:06:53.382+05:30 TRACE 13456 --- [restartedMain] s.w.s.m.m.a.RequestMappingHandlerMapping : 
	c.p.t.r.NotificationController:
	{GET [/api/notifications/user/{userId}]}: getUserNotifications(Long)
	{POST [/api/notifications]}: createNotification(NotificationRequest)
	{PUT [/api/notifications/{id}/read]}: markAsRead(Long)
2025-02-04T00:06:53.383+05:30 TRACE 13456 --- [restartedMain] s.w.s.m.m.a.RequestMappingHandlerMapping : 
	c.p.t.r.ProductController:
	{GET [/api/products/all-non-customer-products]}: getAllNonCustomerProducts()
	{GET [/api/products/all-services]}: getAllServiceProducts()
	{GET [/api/products/all-hardwares]}: getAllHardwareProducts()
	{GET [/api/products/get/customer/{customerId}]}: getProductByCustomerId(Long)
	{PUT [/api/products/update/{id}]}: updateProduct(Long,ProductRequest)
	{POST [/api/products/add]}: createProduct(ProductRequest)
	{GET [/api/products/all]}: getAllProducts()
	{GET [/api/products/get/{id}]}: getProductById(Long)
	{DELETE [/api/products/delete/{id}]}: deleteProduct(Long)
2025-02-04T00:06:53.385+05:30 TRACE 13456 --- [restartedMain] s.w.s.m.m.a.RequestMappingHandlerMapping : 
	c.p.t.r.QuotationController:
	{GET [/api/quotations/get/user/{id}]}: getQuotationByUserId(Long)
	{GET [/api/quotations/get/ticket/{id}]}: getQuotationByTicketId(Long)
	{GET [/api/quotations/get/{id}]}: getQuotationById(Long)
	{GET [/api/quotations/all]}: getAllQuotations()
	{DELETE [/api/quotations/delete/{id}]}: deleteQuotation(Long)
	{POST [/api/quotations/add]}: createQuotation(QuotationRequest)
	{PUT [/api/quotations/update/{quotationId}]}: updateQuotation(Long,QuotationRequest)
2025-02-04T00:06:53.391+05:30 TRACE 13456 --- [restartedMain] s.w.s.m.m.a.RequestMappingHandlerMapping : 
	c.p.t.r.QuotationProductController:
	{POST [/api/quotation-products/add]}: createQuotationProduct(QuotationProductRequest)
	{DELETE [/api/quotation-products/delete/{qpId}]}: deleteQuotationProduct(Long)
	{PUT [/api/quotation-products/update/quotation/{qId}/product/{pId}]}: updateQuotationProduct(Long,Long,ProductRequest)
2025-02-04T00:06:53.395+05:30 TRACE 13456 --- [restartedMain] s.w.s.m.m.a.RequestMappingHandlerMapping : 
	c.p.t.r.TicketController:
	{GET [/api/tickets/get/products/{ticketId}]}: getProductsAssociatedByTicketId(Long)
	{GET [/api/tickets/all/assigned-to-or-created-by-user/{userId}]}: getAllTicketsAssignedToOrCreatedByUserId(Long)
	{POST [/api/tickets/add]}: createTicket(TicketRequest)
	{PUT [/api/tickets/update/{ticketId}]}: updateTicket(Long,TicketRequest)
	{GET [/api/tickets/all]}: getAllTickets()
	{GET [/api/tickets/all-issue-tickets]}: getAllIssueTickets()
	{GET [/api/tickets/get/{ticketId}]}: getTicketById(Long)
	{DELETE [/api/tickets/delete/{ticketId}]}: deleteTicket(Long)
2025-02-04T00:06:53.400+05:30 TRACE 13456 --- [restartedMain] s.w.s.m.m.a.RequestMappingHandlerMapping : 
	c.p.t.r.TicketThreadController:
	{GET [/api/tickets/{ticketId}/threads]}: getTicketThreads(Long)
	{POST [/api/tickets/{ticketId}/threads]}: createTicketThread(Long,TicketThreadRequest)
2025-02-04T00:06:53.401+05:30 TRACE 13456 --- [restartedMain] s.w.s.m.m.a.RequestMappingHandlerMapping : 
	c.p.t.r.UserController:
	{GET [/api/users/pagination]}: getAllUsersPageable(Pageable)
	{POST [/api/users/add]}: createUser(UserRequest)
	{GET [/api/users/all]}: getAllUsers()
	{PUT [/api/users/update/{userId}]}: updateUser(Long,UserRequest)
	{GET [/api/users/get/{userId}]}: getUserById(Long)
	{DELETE [/api/users/delete/{userId}]}: deleteUser(Long)
	{GET [/api/users/get/role/{role}]}: getUserByRole(Role)
2025-02-04T00:06:53.401+05:30 TRACE 13456 --- [restartedMain] s.w.s.m.m.a.RequestMappingHandlerMapping : 
	c.p.t.r.WebController:
	{GET [/{path:[^\.]*}]}: redirect()
2025-02-04T00:06:53.406+05:30 TRACE 13456 --- [restartedMain] s.w.s.m.m.a.RequestMappingHandlerMapping : 
	o.s.b.a.w.s.e.BasicErrorController:
	{ [/error]}: error(HttpServletRequest)
	{ [/error], produces [text/html]}: errorHtml(HttpServletRequest,HttpServletResponse)
2025-02-04T00:06:53.412+05:30 DEBUG 13456 --- [restartedMain] s.w.s.m.m.a.RequestMappingHandlerMapping : 55 mappings in 'requestMappingHandlerMapping'
2025-02-04T00:06:53.445+05:30 DEBUG 13456 --- [restartedMain] o.s.w.s.h.BeanNameUrlHandlerMapping      : Detected 0 mappings in 'beanNameHandlerMapping'
2025-02-04T00:06:53.452+05:30 TRACE 13456 --- [restartedMain] o.s.w.s.f.support.RouterFunctionMapping  : 0 RouterFunction(s) in 'routerFunctionMapping'
2025-02-04T00:06:53.455+05:30 TRACE 13456 --- [restartedMain] o.s.w.s.handler.SimpleUrlHandlerMapping  : Mapped [/webjars/**] onto ResourceHttpRequestHandler [classpath [META-INF/resources/webjars/]]
2025-02-04T00:06:53.455+05:30 TRACE 13456 --- [restartedMain] o.s.w.s.handler.SimpleUrlHandlerMapping  : Mapped [/**] onto ResourceHttpRequestHandler [classpath [META-INF/resources/], classpath [resources/], classpath [static/], classpath [public/], ServletContext [/]]
2025-02-04T00:06:53.455+05:30 DEBUG 13456 --- [restartedMain] o.s.w.s.handler.SimpleUrlHandlerMapping  : Patterns [/webjars/**, /**] in 'resourceHandlerMapping'
2025-02-04T00:06:53.467+05:30 DEBUG 13456 --- [restartedMain] .m.m.a.ExceptionHandlerExceptionResolver : ControllerAdvice beans: 1 @ExceptionHandler, 1 ResponseBodyAdvice
2025-02-04T00:06:53.549+05:30  INFO 13456 --- [restartedMain] o.s.b.d.a.OptionalLiveReloadServer       : LiveReload server is running on port 35729
2025-02-04T00:06:53.553+05:30  INFO 13456 --- [restartedMain] o.s.b.a.e.web.EndpointLinksResolver      : Exposing 1 endpoint(s) beneath base path '/actuator'
2025-02-04T00:06:53.570+05:30  INFO 13456 --- [restartedMain] o.s.b.w.embedded.tomcat.TomcatWebServer  : Tomcat started on port(s): 8080 (http) with context path ''
2025-02-04T00:06:53.576+05:30  INFO 13456 --- [restartedMain] c.p.techtrix.TechtrixApplication         : Started TechtrixApplication in 2.272 seconds (process running for 5215.883)
2025-02-04T00:06:53.578+05:30  INFO 13456 --- [restartedMain] .ConditionEvaluationDeltaLoggingListener : Condition evaluation unchanged
2025-02-04T00:07:11.944+05:30  INFO 13456 --- [http-nio-8080-exec-2] o.a.c.c.C.[Tomcat-3].[localhost].[/]     : Initializing Spring DispatcherServlet 'dispatcherServlet'
2025-02-04T00:07:11.944+05:30  INFO 13456 --- [http-nio-8080-exec-2] o.s.web.servlet.DispatcherServlet        : Initializing Servlet 'dispatcherServlet'
2025-02-04T00:07:11.944+05:30 TRACE 13456 --- [http-nio-8080-exec-2] o.s.web.servlet.DispatcherServlet        : Detected org.springframework.web.multipart.support.StandardServletMultipartResolver@3c87a047
2025-02-04T00:07:11.944+05:30 TRACE 13456 --- [http-nio-8080-exec-2] o.s.web.servlet.DispatcherServlet        : Detected org.springframework.web.servlet.i18n.AcceptHeaderLocaleResolver@6ee3e7a7
2025-02-04T00:07:11.944+05:30 TRACE 13456 --- [http-nio-8080-exec-2] o.s.web.servlet.DispatcherServlet        : Detected org.springframework.web.servlet.theme.FixedThemeResolver@405daef4
2025-02-04T00:07:11.946+05:30 TRACE 13456 --- [http-nio-8080-exec-2] o.s.web.servlet.DispatcherServlet        : Detected DefaultRequestToViewNameTranslator
2025-02-04T00:07:11.947+05:30 TRACE 13456 --- [http-nio-8080-exec-2] o.s.web.servlet.DispatcherServlet        : Detected SessionFlashMapManager
2025-02-04T00:07:11.947+05:30 DEBUG 13456 --- [http-nio-8080-exec-2] o.s.web.servlet.DispatcherServlet        : enableLoggingRequestDetails='false': request parameters and headers will be masked to prevent unsafe logging of potentially sensitive data
2025-02-04T00:07:11.947+05:30  INFO 13456 --- [http-nio-8080-exec-2] o.s.web.servlet.DispatcherServlet        : Completed initialization in 3 ms
2025-02-04T00:07:11.948+05:30 TRACE 13456 --- [http-nio-8080-exec-2] o.s.web.servlet.DispatcherServlet        : OPTIONS "/api/customers/add", parameters={}, headers={masked} in DispatcherServlet 'dispatcherServlet'
2025-02-04T00:07:11.949+05:30 TRACE 13456 --- [http-nio-8080-exec-2] s.w.s.m.m.a.RequestMappingHandlerMapping : Mapped to com.prushaltech.techtrix.rest.CustomerController#createCustomer(CustomerRequest)
2025-02-04T00:07:11.949+05:30 TRACE 13456 --- [http-nio-8080-exec-2] o.s.web.servlet.DispatcherServlet        : No view rendering, null ModelAndView returned.
2025-02-04T00:07:11.949+05:30 DEBUG 13456 --- [http-nio-8080-exec-2] o.s.web.servlet.DispatcherServlet        : Completed 200 OK, headers={masked}
2025-02-04T00:07:12.072+05:30 TRACE 13456 --- [http-nio-8080-exec-1] o.s.web.servlet.DispatcherServlet        : POST "/api/customers/add", parameters={}, headers={masked} in DispatcherServlet 'dispatcherServlet'
2025-02-04T00:07:12.073+05:30 TRACE 13456 --- [http-nio-8080-exec-1] s.w.s.m.m.a.RequestMappingHandlerMapping : Mapped to com.prushaltech.techtrix.rest.CustomerController#createCustomer(CustomerRequest)
2025-02-04T00:07:12.078+05:30 TRACE 13456 --- [http-nio-8080-exec-1] m.m.a.RequestResponseBodyMethodProcessor : Read "application/json;charset=UTF-8" to [com.prushaltech.techtrix.dto.CustomerRequest@2ecf8ee9]
2025-02-04T00:07:12.078+05:30 TRACE 13456 --- [http-nio-8080-exec-1] o.s.web.method.HandlerMethod             : Arguments: [com.prushaltech.techtrix.dto.CustomerRequest@2ecf8ee9]
2025-02-04T00:07:12.099+05:30 DEBUG 13456 --- [http-nio-8080-exec-1] .m.m.a.ExceptionHandlerExceptionResolver : Using @ExceptionHandler com.prushaltech.techtrix.exception.GlobalExceptionHandler#handleIllegalArgumentException(IllegalArgumentException)
2025-02-04T00:07:12.099+05:30 TRACE 13456 --- [http-nio-8080-exec-1] o.s.web.method.HandlerMethod             : Arguments: [java.lang.IllegalArgumentException: Email is already in use]
2025-02-04T00:07:12.100+05:30 DEBUG 13456 --- [http-nio-8080-exec-1] o.s.w.s.m.m.a.HttpEntityMethodProcessor  : Using 'application/json', given [application/json, text/plain, */*] and supported [text/plain, */*, application/json, application/*+json]
2025-02-04T00:07:12.100+05:30 TRACE 13456 --- [http-nio-8080-exec-1] o.s.w.s.m.m.a.HttpEntityMethodProcessor  : Writing ["Email is already in use"]
2025-02-04T00:07:12.101+05:30  WARN 13456 --- [http-nio-8080-exec-1] .m.m.a.ExceptionHandlerExceptionResolver : Resolved [java.lang.IllegalArgumentException: Email is already in use]
2025-02-04T00:07:12.101+05:30 TRACE 13456 --- [http-nio-8080-exec-1] o.s.web.servlet.DispatcherServlet        : No view rendering, null ModelAndView returned.
2025-02-04T00:07:12.102+05:30 DEBUG 13456 --- [http-nio-8080-exec-1] o.s.web.servlet.DispatcherServlet        : Completed 400 BAD_REQUEST, headers={masked}
2025-02-04T00:07:12.396+05:30 TRACE 13456 --- [http-nio-8080-exec-4] o.s.web.servlet.DispatcherServlet        : GET "/api/customers/all", parameters={}, headers={masked} in DispatcherServlet 'dispatcherServlet'
2025-02-04T00:07:12.397+05:30 TRACE 13456 --- [http-nio-8080-exec-4] s.w.s.m.m.a.RequestMappingHandlerMapping : Mapped to com.prushaltech.techtrix.rest.CustomerController#getAllCustomers()
2025-02-04T00:07:12.399+05:30 TRACE 13456 --- [http-nio-8080-exec-4] o.s.web.method.HandlerMethod             : Arguments: []
2025-02-04T00:07:12.420+05:30 DEBUG 13456 --- [http-nio-8080-exec-4] o.s.w.s.m.m.a.HttpEntityMethodProcessor  : Using 'application/json', given [application/json, text/plain, */*] and supported [application/json, application/*+json]
2025-02-04T00:07:12.424+05:30 TRACE 13456 --- [http-nio-8080-exec-4] o.s.w.s.m.m.a.HttpEntityMethodProcessor  : Writing [[com.prushaltech.techtrix.dto.CustomerResponse@75c18ef4, com.prushaltech.techtrix.dto.CustomerResponse@15834c53, com.prushaltech.techtrix.dto.CustomerResponse@5b910ac7, com.prushaltech.techtrix.dto.CustomerResponse@2e4ca784, com.prushaltech.techtrix.dto.CustomerResponse@57832a97, com.prushaltech.techtrix.dto.CustomerResponse@58ed05e0, com.prushaltech.techtrix.dto.CustomerResponse@b79fb08, com.prushaltech.techtrix.dto.CustomerResponse@40c20d64, com.prushaltech.techtrix.dto.CustomerResponse@edb5079, com.prushaltech.techtrix.dto.CustomerResponse@3e299647]]
2025-02-04T00:07:12.446+05:30 TRACE 13456 --- [http-nio-8080-exec-4] o.s.web.servlet.DispatcherServlet        : No view rendering, null ModelAndView returned.
2025-02-04T00:07:12.446+05:30 DEBUG 13456 --- [http-nio-8080-exec-4] o.s.web.servlet.DispatcherServlet        : Completed 200 OK, headers={masked}
2025-02-04T00:08:57.127+05:30 TRACE 13456 --- [http-nio-8080-exec-6] o.s.web.servlet.DispatcherServlet        : OPTIONS "/api/customers/add", parameters={}, headers={masked} in DispatcherServlet 'dispatcherServlet'
2025-02-04T00:08:57.128+05:30 TRACE 13456 --- [http-nio-8080-exec-6] s.w.s.m.m.a.RequestMappingHandlerMapping : Mapped to com.prushaltech.techtrix.rest.CustomerController#createCustomer(CustomerRequest)
2025-02-04T00:08:57.140+05:30 TRACE 13456 --- [http-nio-8080-exec-6] o.s.web.servlet.DispatcherServlet        : No view rendering, null ModelAndView returned.
2025-02-04T00:08:57.142+05:30 DEBUG 13456 --- [http-nio-8080-exec-6] o.s.web.servlet.DispatcherServlet        : Completed 200 OK, headers={masked}
2025-02-04T00:08:57.157+05:30 TRACE 13456 --- [http-nio-8080-exec-6] o.s.web.servlet.DispatcherServlet        : POST "/api/customers/add", parameters={}, headers={masked} in DispatcherServlet 'dispatcherServlet'
2025-02-04T00:08:57.157+05:30 TRACE 13456 --- [http-nio-8080-exec-6] s.w.s.m.m.a.RequestMappingHandlerMapping : Mapped to com.prushaltech.techtrix.rest.CustomerController#createCustomer(CustomerRequest)
2025-02-04T00:08:57.168+05:30 TRACE 13456 --- [http-nio-8080-exec-6] m.m.a.RequestResponseBodyMethodProcessor : Read "application/json;charset=UTF-8" to [com.prushaltech.techtrix.dto.CustomerRequest@44cf52ad]
2025-02-04T00:08:57.168+05:30 TRACE 13456 --- [http-nio-8080-exec-6] o.s.web.method.HandlerMethod             : Arguments: [com.prushaltech.techtrix.dto.CustomerRequest@44cf52ad]
2025-02-04T00:08:57.175+05:30 DEBUG 13456 --- [http-nio-8080-exec-6] .m.m.a.ExceptionHandlerExceptionResolver : Using @ExceptionHandler com.prushaltech.techtrix.exception.GlobalExceptionHandler#handleIllegalArgumentException(IllegalArgumentException)
2025-02-04T00:08:57.175+05:30 TRACE 13456 --- [http-nio-8080-exec-6] o.s.web.method.HandlerMethod             : Arguments: [java.lang.IllegalArgumentException: Email is already in use]
2025-02-04T00:08:57.175+05:30 DEBUG 13456 --- [http-nio-8080-exec-6] o.s.w.s.m.m.a.HttpEntityMethodProcessor  : Using 'application/json', given [application/json, text/plain, */*] and supported [text/plain, */*, application/json, application/*+json]
2025-02-04T00:08:57.176+05:30 TRACE 13456 --- [http-nio-8080-exec-6] o.s.w.s.m.m.a.HttpEntityMethodProcessor  : Writing ["Email is already in use"]
2025-02-04T00:08:57.176+05:30  WARN 13456 --- [http-nio-8080-exec-6] .m.m.a.ExceptionHandlerExceptionResolver : Resolved [java.lang.IllegalArgumentException: Email is already in use]
2025-02-04T00:08:57.176+05:30 TRACE 13456 --- [http-nio-8080-exec-6] o.s.web.servlet.DispatcherServlet        : No view rendering, null ModelAndView returned.
2025-02-04T00:08:57.177+05:30 DEBUG 13456 --- [http-nio-8080-exec-6] o.s.web.servlet.DispatcherServlet        : Completed 400 BAD_REQUEST, headers={masked}
2025-02-04T00:09:05.220+05:30 TRACE 13456 --- [http-nio-8080-exec-5] o.s.web.servlet.DispatcherServlet        : OPTIONS "/api/customers/add", parameters={}, headers={masked} in DispatcherServlet 'dispatcherServlet'
2025-02-04T00:09:05.220+05:30 TRACE 13456 --- [http-nio-8080-exec-5] s.w.s.m.m.a.RequestMappingHandlerMapping : Mapped to com.prushaltech.techtrix.rest.CustomerController#createCustomer(CustomerRequest)
2025-02-04T00:09:05.221+05:30 TRACE 13456 --- [http-nio-8080-exec-5] o.s.web.servlet.DispatcherServlet        : No view rendering, null ModelAndView returned.
2025-02-04T00:09:05.222+05:30 DEBUG 13456 --- [http-nio-8080-exec-5] o.s.web.servlet.DispatcherServlet        : Completed 200 OK, headers={masked}
2025-02-04T00:09:05.231+05:30 TRACE 13456 --- [http-nio-8080-exec-5] o.s.web.servlet.DispatcherServlet        : POST "/api/customers/add", parameters={}, headers={masked} in DispatcherServlet 'dispatcherServlet'
2025-02-04T00:09:05.232+05:30 TRACE 13456 --- [http-nio-8080-exec-5] s.w.s.m.m.a.RequestMappingHandlerMapping : Mapped to com.prushaltech.techtrix.rest.CustomerController#createCustomer(CustomerRequest)
2025-02-04T00:09:05.235+05:30 TRACE 13456 --- [http-nio-8080-exec-5] m.m.a.RequestResponseBodyMethodProcessor : Read "application/json;charset=UTF-8" to [com.prushaltech.techtrix.dto.CustomerRequest@7850cbe7]
2025-02-04T00:09:05.235+05:30 TRACE 13456 --- [http-nio-8080-exec-5] o.s.web.method.HandlerMethod             : Arguments: [com.prushaltech.techtrix.dto.CustomerRequest@7850cbe7]
2025-02-04T00:09:05.245+05:30 DEBUG 13456 --- [http-nio-8080-exec-5] .m.m.a.ExceptionHandlerExceptionResolver : Using @ExceptionHandler com.prushaltech.techtrix.exception.GlobalExceptionHandler#handleIllegalArgumentException(IllegalArgumentException)
2025-02-04T00:09:05.245+05:30 TRACE 13456 --- [http-nio-8080-exec-5] o.s.web.method.HandlerMethod             : Arguments: [java.lang.IllegalArgumentException: Email is already in use]
2025-02-04T00:09:05.246+05:30 DEBUG 13456 --- [http-nio-8080-exec-5] o.s.w.s.m.m.a.HttpEntityMethodProcessor  : Using 'application/json', given [application/json, text/plain, */*] and supported [text/plain, */*, application/json, application/*+json]
2025-02-04T00:09:05.246+05:30 TRACE 13456 --- [http-nio-8080-exec-5] o.s.w.s.m.m.a.HttpEntityMethodProcessor  : Writing ["Email is already in use"]
2025-02-04T00:09:05.246+05:30  WARN 13456 --- [http-nio-8080-exec-5] .m.m.a.ExceptionHandlerExceptionResolver : Resolved [java.lang.IllegalArgumentException: Email is already in use]
2025-02-04T00:09:05.248+05:30 TRACE 13456 --- [http-nio-8080-exec-5] o.s.web.servlet.DispatcherServlet        : No view rendering, null ModelAndView returned.
2025-02-04T00:09:05.250+05:30 DEBUG 13456 --- [http-nio-8080-exec-5] o.s.web.servlet.DispatcherServlet        : Completed 400 BAD_REQUEST, headers={masked}
2025-02-04T00:09:42.328+05:30 TRACE 13456 --- [http-nio-8080-exec-7] o.s.web.servlet.DispatcherServlet        : OPTIONS "/api/customers/add", parameters={}, headers={masked} in DispatcherServlet 'dispatcherServlet'
2025-02-04T00:09:42.329+05:30 TRACE 13456 --- [http-nio-8080-exec-7] s.w.s.m.m.a.RequestMappingHandlerMapping : Mapped to com.prushaltech.techtrix.rest.CustomerController#createCustomer(CustomerRequest)
2025-02-04T00:09:42.330+05:30 TRACE 13456 --- [http-nio-8080-exec-7] o.s.web.servlet.DispatcherServlet        : No view rendering, null ModelAndView returned.
2025-02-04T00:09:42.330+05:30 DEBUG 13456 --- [http-nio-8080-exec-7] o.s.web.servlet.DispatcherServlet        : Completed 200 OK, headers={masked}
2025-02-04T00:09:42.345+05:30 TRACE 13456 --- [http-nio-8080-exec-7] o.s.web.servlet.DispatcherServlet        : POST "/api/customers/add", parameters={}, headers={masked} in DispatcherServlet 'dispatcherServlet'
2025-02-04T00:09:42.347+05:30 TRACE 13456 --- [http-nio-8080-exec-7] s.w.s.m.m.a.RequestMappingHandlerMapping : Mapped to com.prushaltech.techtrix.rest.CustomerController#createCustomer(CustomerRequest)
2025-02-04T00:09:42.356+05:30 TRACE 13456 --- [http-nio-8080-exec-7] m.m.a.RequestResponseBodyMethodProcessor : Read "application/json;charset=UTF-8" to [com.prushaltech.techtrix.dto.CustomerRequest@66747b46]
2025-02-04T00:09:42.357+05:30 TRACE 13456 --- [http-nio-8080-exec-7] o.s.web.method.HandlerMethod             : Arguments: [com.prushaltech.techtrix.dto.CustomerRequest@66747b46]
2025-02-04T00:09:42.393+05:30 DEBUG 13456 --- [http-nio-8080-exec-7] .m.m.a.ExceptionHandlerExceptionResolver : Using @ExceptionHandler com.prushaltech.techtrix.exception.GlobalExceptionHandler#handleIllegalArgumentException(IllegalArgumentException)
2025-02-04T00:09:42.402+05:30 TRACE 13456 --- [http-nio-8080-exec-7] o.s.web.method.HandlerMethod             : Arguments: [java.lang.IllegalArgumentException: Email is already in use]
2025-02-04T00:09:42.403+05:30 DEBUG 13456 --- [http-nio-8080-exec-7] o.s.w.s.m.m.a.HttpEntityMethodProcessor  : Using 'application/json', given [application/json, text/plain, */*] and supported [text/plain, */*, application/json, application/*+json]
2025-02-04T00:09:42.403+05:30 TRACE 13456 --- [http-nio-8080-exec-7] o.s.w.s.m.m.a.HttpEntityMethodProcessor  : Writing ["Email is already in use"]
2025-02-04T00:09:42.447+05:30  WARN 13456 --- [http-nio-8080-exec-7] .m.m.a.ExceptionHandlerExceptionResolver : Resolved [java.lang.IllegalArgumentException: Email is already in use]
2025-02-04T00:09:42.447+05:30 TRACE 13456 --- [http-nio-8080-exec-7] o.s.web.servlet.DispatcherServlet        : No view rendering, null ModelAndView returned.
2025-02-04T00:09:42.447+05:30 DEBUG 13456 --- [http-nio-8080-exec-7] o.s.web.servlet.DispatcherServlet        : Completed 400 BAD_REQUEST, headers={masked}
2025-02-04T00:09:51.933+05:30 TRACE 13456 --- [http-nio-8080-exec-8] o.s.web.servlet.DispatcherServlet        : OPTIONS "/api/customers/add", parameters={}, headers={masked} in DispatcherServlet 'dispatcherServlet'
2025-02-04T00:09:51.934+05:30 TRACE 13456 --- [http-nio-8080-exec-8] s.w.s.m.m.a.RequestMappingHandlerMapping : Mapped to com.prushaltech.techtrix.rest.CustomerController#createCustomer(CustomerRequest)
2025-02-04T00:09:51.938+05:30 TRACE 13456 --- [http-nio-8080-exec-8] o.s.web.servlet.DispatcherServlet        : No view rendering, null ModelAndView returned.
2025-02-04T00:09:51.939+05:30 DEBUG 13456 --- [http-nio-8080-exec-8] o.s.web.servlet.DispatcherServlet        : Completed 200 OK, headers={masked}
2025-02-04T00:09:51.948+05:30 TRACE 13456 --- [http-nio-8080-exec-8] o.s.web.servlet.DispatcherServlet        : POST "/api/customers/add", parameters={}, headers={masked} in DispatcherServlet 'dispatcherServlet'
2025-02-04T00:09:51.948+05:30 TRACE 13456 --- [http-nio-8080-exec-8] s.w.s.m.m.a.RequestMappingHandlerMapping : Mapped to com.prushaltech.techtrix.rest.CustomerController#createCustomer(CustomerRequest)
2025-02-04T00:09:51.956+05:30 TRACE 13456 --- [http-nio-8080-exec-8] m.m.a.RequestResponseBodyMethodProcessor : Read "application/json;charset=UTF-8" to [com.prushaltech.techtrix.dto.CustomerRequest@5b800f38]
2025-02-04T00:09:51.956+05:30 TRACE 13456 --- [http-nio-8080-exec-8] o.s.web.method.HandlerMethod             : Arguments: [com.prushaltech.techtrix.dto.CustomerRequest@5b800f38]
2025-02-04T00:09:51.965+05:30 DEBUG 13456 --- [http-nio-8080-exec-8] .m.m.a.ExceptionHandlerExceptionResolver : Using @ExceptionHandler com.prushaltech.techtrix.exception.GlobalExceptionHandler#handleIllegalArgumentException(IllegalArgumentException)
2025-02-04T00:09:51.965+05:30 TRACE 13456 --- [http-nio-8080-exec-8] o.s.web.method.HandlerMethod             : Arguments: [java.lang.IllegalArgumentException: Company is already in use]
2025-02-04T00:09:51.965+05:30 DEBUG 13456 --- [http-nio-8080-exec-8] o.s.w.s.m.m.a.HttpEntityMethodProcessor  : Using 'application/json', given [application/json, text/plain, */*] and supported [text/plain, */*, application/json, application/*+json]
2025-02-04T00:09:51.966+05:30 TRACE 13456 --- [http-nio-8080-exec-8] o.s.w.s.m.m.a.HttpEntityMethodProcessor  : Writing ["Company is already in use"]
2025-02-04T00:09:51.972+05:30  WARN 13456 --- [http-nio-8080-exec-8] .m.m.a.ExceptionHandlerExceptionResolver : Resolved [java.lang.IllegalArgumentException: Company is already in use]
2025-02-04T00:09:51.976+05:30 TRACE 13456 --- [http-nio-8080-exec-8] o.s.web.servlet.DispatcherServlet        : No view rendering, null ModelAndView returned.
2025-02-04T00:09:51.977+05:30 DEBUG 13456 --- [http-nio-8080-exec-8] o.s.web.servlet.DispatcherServlet        : Completed 400 BAD_REQUEST, headers={masked}
2025-02-04T00:09:52.188+05:30 TRACE 13456 --- [http-nio-8080-exec-9] o.s.web.servlet.DispatcherServlet        : GET "/api/customers/all", parameters={}, headers={masked} in DispatcherServlet 'dispatcherServlet'
2025-02-04T00:09:52.189+05:30 TRACE 13456 --- [http-nio-8080-exec-9] s.w.s.m.m.a.RequestMappingHandlerMapping : Mapped to com.prushaltech.techtrix.rest.CustomerController#getAllCustomers()
2025-02-04T00:09:52.189+05:30 TRACE 13456 --- [http-nio-8080-exec-9] o.s.web.method.HandlerMethod             : Arguments: []
2025-02-04T00:09:52.265+05:30 DEBUG 13456 --- [http-nio-8080-exec-9] o.s.w.s.m.m.a.HttpEntityMethodProcessor  : Using 'application/json', given [application/json, text/plain, */*] and supported [application/json, application/*+json]
2025-02-04T00:09:52.266+05:30 TRACE 13456 --- [http-nio-8080-exec-9] o.s.w.s.m.m.a.HttpEntityMethodProcessor  : Writing [[com.prushaltech.techtrix.dto.CustomerResponse@2613d15b, com.prushaltech.techtrix.dto.CustomerResponse@544c164a, com.prushaltech.techtrix.dto.CustomerResponse@29ce31a6, com.prushaltech.techtrix.dto.CustomerResponse@34a2978c, com.prushaltech.techtrix.dto.CustomerResponse@c83014a, com.prushaltech.techtrix.dto.CustomerResponse@3849a8d6, com.prushaltech.techtrix.dto.CustomerResponse@6052fd78, com.prushaltech.techtrix.dto.CustomerResponse@406c0809, com.prushaltech.techtrix.dto.CustomerResponse@5471c81f, com.prushaltech.techtrix.dto.CustomerResponse@218bd55f]]
2025-02-04T00:09:52.277+05:30 TRACE 13456 --- [http-nio-8080-exec-9] o.s.web.servlet.DispatcherServlet        : No view rendering, null ModelAndView returned.
2025-02-04T00:09:52.278+05:30 DEBUG 13456 --- [http-nio-8080-exec-9] o.s.web.servlet.DispatcherServlet        : Completed 200 OK, headers={masked}
